Using pre-set license
Built from '2021.3/release' branch; Version is '2021.3.12f1 (8af3c3e441b1) revision 9106371'; Using compiler version '192829333'; Build Type 'Release'
OS: 'Windows 10  (10.0.19044) 64bit Professional' Language: 'en' Physical Memory: 16309 MB
BatchMode: 1, IsHumanControllingUs: 0, StartBugReporterOnCrash: 0, Is64bit: 1, IsPro: 1

COMMAND LINE ARGUMENTS:
D:\Unity\2021.3.12f1\Editor\Unity.exe
-adb2
-batchMode
-noUpm
-name
AssetImportWorker1
-projectPath
D:/Unity/A Fools Paradise
-logFile
Logs/AssetImportWorker1.log
-srvPort
61377
Successfully changed project path to: D:/Unity/A Fools Paradise
D:/Unity/A Fools Paradise
[UnityMemory] Configuration Parameters - Can be set up in boot.config
    "memorysetup-bucket-allocator-granularity=16"
    "memorysetup-bucket-allocator-bucket-count=8"
    "memorysetup-bucket-allocator-block-size=33554432"
    "memorysetup-bucket-allocator-block-count=8"
    "memorysetup-main-allocator-block-size=16777216"
    "memorysetup-thread-allocator-block-size=16777216"
    "memorysetup-gfx-main-allocator-block-size=16777216"
    "memorysetup-gfx-thread-allocator-block-size=16777216"
    "memorysetup-cache-allocator-block-size=4194304"
    "memorysetup-typetree-allocator-block-size=2097152"
    "memorysetup-profiler-bucket-allocator-granularity=16"
    "memorysetup-profiler-bucket-allocator-bucket-count=8"
    "memorysetup-profiler-bucket-allocator-block-size=33554432"
    "memorysetup-profiler-bucket-allocator-block-count=8"
    "memorysetup-profiler-allocator-block-size=16777216"
    "memorysetup-profiler-editor-allocator-block-size=1048576"
    "memorysetup-temp-allocator-size-main=16777216"
    "memorysetup-job-temp-allocator-block-size=2097152"
    "memorysetup-job-temp-allocator-block-size-background=1048576"
    "memorysetup-job-temp-allocator-reduction-small-platforms=262144"
    "memorysetup-temp-allocator-size-background-worker=32768"
    "memorysetup-temp-allocator-size-job-worker=262144"
    "memorysetup-temp-allocator-size-preload-manager=33554432"
    "memorysetup-temp-allocator-size-nav-mesh-worker=65536"
    "memorysetup-temp-allocator-size-audio-worker=65536"
    "memorysetup-temp-allocator-size-cloud-worker=32768"
    "memorysetup-temp-allocator-size-gi-baking-worker=262144"
    "memorysetup-temp-allocator-size-gfx=262144"
Refreshing native plugins compatible for Editor in 116.30 ms, found 4 plugins.
Preloading 0 native plugins for Editor in 0.00 ms.
Initialize engine version: 2021.3.12f1 (8af3c3e441b1)
[Subsystems] Discovering subsystems at path D:/Unity/2021.3.12f1/Editor/Data/Resources/UnitySubsystems
[Subsystems] Discovering subsystems at path D:/Unity/A Fools Paradise/Assets
GfxDevice: creating device client; threaded=0; jobified=0
Direct3D:
    Version:  Direct3D 11.0 [level 11.1]
    Renderer: NVIDIA GeForce RTX 3070 (ID=0x2484)
    Vendor:   NVIDIA
    VRAM:     8031 MB
    Driver:   31.0.15.2686
Initialize mono
Mono path[0] = 'D:/Unity/2021.3.12f1/Editor/Data/Managed'
Mono path[1] = 'D:/Unity/2021.3.12f1/Editor/Data/MonoBleedingEdge/lib/mono/unityjit-win32'
Mono config path = 'D:/Unity/2021.3.12f1/Editor/Data/MonoBleedingEdge/etc'
Using monoOptions --debugger-agent=transport=dt_socket,embedding=1,server=y,suspend=n,address=127.0.0.1:56612
Begin MonoManager ReloadAssembly
Registering precompiled unity dll's ...
Register platform support module: D:/Unity/2021.3.12f1/Editor/Data/PlaybackEngines/WindowsStandaloneSupport/UnityEditor.WindowsStandalone.Extensions.dll
Registered in 0.002255 seconds.
Native extension for WindowsStandalone target not found
Refreshing native plugins compatible for Editor in 110.59 ms, found 4 plugins.
Preloading 0 native plugins for Editor in 0.00 ms.
Mono: successfully reloaded assembly
- Completed reload, in  0.609 seconds
Domain Reload Profiling:
	ReloadAssembly (609ms)
		BeginReloadAssembly (63ms)
			ExecutionOrderSort (0ms)
			DisableScriptedObjects (0ms)
			BackupInstance (0ms)
			ReleaseScriptingObjects (0ms)
			CreateAndSetChildDomain (1ms)
		EndReloadAssembly (452ms)
			LoadAssemblies (62ms)
			RebuildTransferFunctionScriptingTraits (0ms)
			SetupTypeCache (98ms)
			ReleaseScriptCaches (0ms)
			RebuildScriptCaches (26ms)
			SetupLoadedEditorAssemblies (281ms)
				LogAssemblyErrors (0ms)
				InitializePlatformSupportModulesInManaged (6ms)
				SetLoadedEditorAssemblies (0ms)
				RefreshPlugins (111ms)
				BeforeProcessingInitializeOnLoad (1ms)
				ProcessInitializeOnLoadAttributes (124ms)
				ProcessInitializeOnLoadMethodAttributes (40ms)
				AfterProcessingInitializeOnLoad (0ms)
				EditorAssembliesLoaded (0ms)
			ExecutionOrderSort2 (0ms)
			AwakeInstancesAfterBackupRestoration (0ms)
Platform modules already initialized, skipping
Registering precompiled user dll's ...
Registered in 0.004990 seconds.
Begin MonoManager ReloadAssembly
Symbol file LoadedFromMemory doesn't match image D:\Unity\A Fools Paradise\Library\PackageCache\com.unity.visualscripting@1.7.8\Editor\VisualScripting.Core\Dependencies\YamlDotNet\Unity.VisualScripting.YamlDotNet.dll
Symbol file LoadedFromMemory doesn't match image D:\Unity\A Fools Paradise\Library\PackageCache\com.unity.visualscripting@1.7.8\Editor\VisualScripting.Core\Dependencies\DotNetZip\Unity.VisualScripting.IonicZip.dll
Native extension for WindowsStandalone target not found
Refreshing native plugins compatible for Editor in 116.87 ms, found 4 plugins.
Preloading 0 native plugins for Editor in 0.00 ms.
Mono: successfully reloaded assembly
- Completed reload, in  1.191 seconds
Domain Reload Profiling:
	ReloadAssembly (1192ms)
		BeginReloadAssembly (93ms)
			ExecutionOrderSort (0ms)
			DisableScriptedObjects (5ms)
			BackupInstance (0ms)
			ReleaseScriptingObjects (0ms)
			CreateAndSetChildDomain (18ms)
		EndReloadAssembly (1000ms)
			LoadAssemblies (75ms)
			RebuildTransferFunctionScriptingTraits (0ms)
			SetupTypeCache (255ms)
			ReleaseScriptCaches (1ms)
			RebuildScriptCaches (61ms)
			SetupLoadedEditorAssemblies (564ms)
				LogAssemblyErrors (0ms)
				InitializePlatformSupportModulesInManaged (3ms)
				SetLoadedEditorAssemblies (0ms)
				RefreshPlugins (117ms)
				BeforeProcessingInitializeOnLoad (106ms)
				ProcessInitializeOnLoadAttributes (246ms)
				ProcessInitializeOnLoadMethodAttributes (90ms)
				AfterProcessingInitializeOnLoad (2ms)
				EditorAssembliesLoaded (0ms)
			ExecutionOrderSort2 (0ms)
			AwakeInstancesAfterBackupRestoration (5ms)
Platform modules already initialized, skipping
========================================================================
Worker process is ready to serve import requests
Launched and connected shader compiler UnityShaderCompiler.exe after 0.04 seconds
Refreshing native plugins compatible for Editor in 1.12 ms, found 4 plugins.
Preloading 0 native plugins for Editor in 0.00 ms.
Unloading 5538 Unused Serialized files (Serialized files now loaded: 0)
Unloading 58 unused Assets / (1.2 MB). Loaded Objects now: 5973.
Memory consumption went from 215.3 MB to 214.0 MB.
Total: 4.204300 ms (FindLiveObjects: 0.483000 ms CreateObjectMapping: 0.135800 ms MarkObjects: 2.876400 ms  DeleteObjects: 0.708100 ms)

AssetImportParameters requested are different than current active one (requested -> active):
  custom:video-decoder-ogg-theora: a1e56fd34408186e4bbccfd4996cb3dc -> 
  custom:container-muxer-webm: aa71ff27fc2769a1b78a27578f13a17b -> 
  custom:container-demuxer-webm: 4f35f7cbe854078d1ac9338744f61a02 -> 
  custom:video-encoder-webm-vp8: eb34c28f22e8b96e1ab97ce403110664 -> 
  custom:audio-encoder-webm-vorbis: bf7c407c2cedff20999df2af8eb42d56 -> 
  custom:framework-win-MediaFoundation: 216162199b28c13a410421893ffa2e32 -> 
  custom:container-demuxer-ogg: 62fdf1f143b41e24485cea50d1cbac27 -> 
  custom:video-decoder-webm-vp8: 9c59270c3fd7afecdb556c50c9e8de78 -> 
  custom:audio-decoder-ogg-vorbis: bf7c407c2cedff20999df2af8eb42d56 -> 
========================================================================
Received Import Request.
  Time since last request: 77707.189234 seconds.
  path: Assets/Art/Super Grotto Escape Files/Characters/Player/Previews/player-jump.gif
  artifactKey: Guid(a43ace6ac40062b478b4212edcf9bb96) Importer(2089858483,0ecaa5967403d082aa24f35e1b516d23)
Start importing Assets/Art/Super Grotto Escape Files/Characters/Player/Previews/player-jump.gif using Guid(a43ace6ac40062b478b4212edcf9bb96) Importer(2089858483,0ecaa5967403d082aa24f35e1b516d23) Generated GUIDs only implemented for interfaces!
 -> (artifact id: 'c88696be90da297ed4a774a7ac0cff8e') in 0.217968 seconds 
========================================================================
Received Import Request.
  Time since last request: 0.000023 seconds.
  path: Assets/Art/Super Grotto Escape Files/Props/Previews/all-sprites.png
  artifactKey: Guid(f669369937a122e4492769a28f8d1f54) Importer(2089858483,0ecaa5967403d082aa24f35e1b516d23)
Start importing Assets/Art/Super Grotto Escape Files/Props/Previews/all-sprites.png using Guid(f669369937a122e4492769a28f8d1f54) Importer(2089858483,0ecaa5967403d082aa24f35e1b516d23) Generated GUIDs only implemented for interfaces!
 -> (artifact id: 'b11976a9feb2a47c60b71fd7c98c2b2f') in 0.028309 seconds 
========================================================================
Received Import Request.
  Time since last request: 0.000023 seconds.
  path: Assets/Art/Super Grotto Escape Files/Characters/Enemies/Aseprite/bat.ase
  artifactKey: Guid(14ada75e77501184c9d737f894f16071) Importer(2089858483,0ecaa5967403d082aa24f35e1b516d23)
Start importing Assets/Art/Super Grotto Escape Files/Characters/Enemies/Aseprite/bat.ase using Guid(14ada75e77501184c9d737f894f16071) Importer(2089858483,0ecaa5967403d082aa24f35e1b516d23) Generated GUIDs only implemented for interfaces!
 -> (artifact id: '2f8d88e969881452b97cfa56ea211f97') in 0.009404 seconds 
========================================================================
Received Import Request.
  Time since last request: 0.000020 seconds.
  path: Assets/Animations/Player_Jump.anim
  artifactKey: Guid(7ca40b00b61bb5940afbc4f126ac6a7b) Importer(2089858483,0ecaa5967403d082aa24f35e1b516d23)
Start importing Assets/Animations/Player_Jump.anim using Guid(7ca40b00b61bb5940afbc4f126ac6a7b) Importer(2089858483,0ecaa5967403d082aa24f35e1b516d23) Generated GUIDs only implemented for interfaces!
 -> (artifact id: 'fb81b996b2b8ce7b8dd81a12fbb237b2') in 0.012431 seconds 
========================================================================
Received Import Request.
  Time since last request: 0.000021 seconds.
  path: Assets/Art/Super Grotto Escape Files/Fx/fx/pick-feedback.gif
  artifactKey: Guid(51fe6b8a50421a9438d4c339d58e3134) Importer(2089858483,0ecaa5967403d082aa24f35e1b516d23)
Start importing Assets/Art/Super Grotto Escape Files/Fx/fx/pick-feedback.gif using Guid(51fe6b8a50421a9438d4c339d58e3134) Importer(2089858483,0ecaa5967403d082aa24f35e1b516d23) Generated GUIDs only implemented for interfaces!
 -> (artifact id: 'c95436b9ce9d61559c051946569bf119') in 0.082215 seconds 
========================================================================
Received Import Request.
  Time since last request: 0.000019 seconds.
  path: Assets/Art/Super Grotto Escape Files/Environment/Layers/far.png
  artifactKey: Guid(e6df3ba775aff254089a10f3d504fb46) Importer(2089858483,0ecaa5967403d082aa24f35e1b516d23)
Start importing Assets/Art/Super Grotto Escape Files/Environment/Layers/far.png using Guid(e6df3ba775aff254089a10f3d504fb46) Importer(2089858483,0ecaa5967403d082aa24f35e1b516d23) Generated GUIDs only implemented for interfaces!
 -> (artifact id: 'cc6c2b50224b08a9dde857be2824b44a') in 0.019671 seconds 
========================================================================
Received Import Request.
  Time since last request: 0.000019 seconds.
  path: Assets/Art/Super Grotto Escape Files/Props/Sprites/vent-pipes.png
  artifactKey: Guid(969e09995cbf6514686074a3570f1065) Importer(2089858483,0ecaa5967403d082aa24f35e1b516d23)
Start importing Assets/Art/Super Grotto Escape Files/Props/Sprites/vent-pipes.png using Guid(969e09995cbf6514686074a3570f1065) Importer(2089858483,0ecaa5967403d082aa24f35e1b516d23) Generated GUIDs only implemented for interfaces!
 -> (artifact id: '8b5db8c868319cdce7c5149892acf324') in 0.019677 seconds 
========================================================================
Received Import Request.
  Time since last request: 0.000022 seconds.
  path: Assets/Art/Super Grotto Escape Files/Props/Sprites/console.png
  artifactKey: Guid(f46ca71ad6c614e4b9885350622340ee) Importer(2089858483,0ecaa5967403d082aa24f35e1b516d23)
Start importing Assets/Art/Super Grotto Escape Files/Props/Sprites/console.png using Guid(f46ca71ad6c614e4b9885350622340ee) Importer(2089858483,0ecaa5967403d082aa24f35e1b516d23) Generated GUIDs only implemented for interfaces!
 -> (artifact id: '32092b5f5369e814f75ab0f6603379ea') in 0.019255 seconds 
========================================================================
Received Import Request.
  Time since last request: 0.000022 seconds.
  path: Assets/Material/Teflon.physicsMaterial2D
  artifactKey: Guid(fa9b1822665b6a34db790dc3e620224d) Importer(2089858483,0ecaa5967403d082aa24f35e1b516d23)
Start importing Assets/Material/Teflon.physicsMaterial2D using Guid(fa9b1822665b6a34db790dc3e620224d) Importer(2089858483,0ecaa5967403d082aa24f35e1b516d23) Generated GUIDs only implemented for interfaces!
 -> (artifact id: '9da9b5f47a183017ce03cb94ee32c759') in 0.011951 seconds 
========================================================================
Received Import Request.
  Time since last request: 0.000030 seconds.
  path: Assets/Art/Super Grotto Escape Files/Characters/Enemies/Previews/ghost.gif
  artifactKey: Guid(c8dfde70cacf81349aec31941d217a2a) Importer(2089858483,0ecaa5967403d082aa24f35e1b516d23)
Start importing Assets/Art/Super Grotto Escape Files/Characters/Enemies/Previews/ghost.gif using Guid(c8dfde70cacf81349aec31941d217a2a) Importer(2089858483,0ecaa5967403d082aa24f35e1b516d23) Generated GUIDs only implemented for interfaces!
 -> (artifact id: '0fc57fcc98070c5e16dff3d37e1d26fd') in 0.018265 seconds 
========================================================================
Received Import Request.
  Time since last request: 0.000018 seconds.
  path: Assets/Art/Super Grotto Escape Files/Characters/Enemies/Previews/lizard-shoot.gif
  artifactKey: Guid(b0308cf85e92f1245b832568001ad284) Importer(2089858483,0ecaa5967403d082aa24f35e1b516d23)
Start importing Assets/Art/Super Grotto Escape Files/Characters/Enemies/Previews/lizard-shoot.gif using Guid(b0308cf85e92f1245b832568001ad284) Importer(2089858483,0ecaa5967403d082aa24f35e1b516d23) Generated GUIDs only implemented for interfaces!
 -> (artifact id: 'e5e35c6458a770cb27531b01d96b1b0d') in 0.019396 seconds 
========================================================================
Received Import Request.
  Time since last request: 0.000020 seconds.
  path: Assets/Animations/Player_Shoot.anim
  artifactKey: Guid(7ec18a60f9f59fc4ebd77984f93c2094) Importer(2089858483,0ecaa5967403d082aa24f35e1b516d23)
Start importing Assets/Animations/Player_Shoot.anim using Guid(7ec18a60f9f59fc4ebd77984f93c2094) Importer(2089858483,0ecaa5967403d082aa24f35e1b516d23) Generated GUIDs only implemented for interfaces!
 -> (artifact id: 'd2b207d5c92f8a126b5b8a18c64ffa6a') in 0.009142 seconds 
========================================================================
Received Import Request.
  Time since last request: 0.000023 seconds.
  path: Assets/Art/Super Grotto Escape Files/Characters/Enemies/Previews/slime.gif
  artifactKey: Guid(7a774e043deff334a9ace8b23ba80f82) Importer(2089858483,0ecaa5967403d082aa24f35e1b516d23)
Start importing Assets/Art/Super Grotto Escape Files/Characters/Enemies/Previews/slime.gif using Guid(7a774e043deff334a9ace8b23ba80f82) Importer(2089858483,0ecaa5967403d082aa24f35e1b516d23) Generated GUIDs only implemented for interfaces!
 -> (artifact id: '09c80b930e44fb4fa2a47058a0c2e921') in 0.020450 seconds 
========================================================================
Received Import Request.
  Time since last request: 0.000019 seconds.
  path: Assets/Art/Super Grotto Escape Files/Environment/Layers/back.png
  artifactKey: Guid(ee230860129a62a4383e953bb133b1d7) Importer(2089858483,0ecaa5967403d082aa24f35e1b516d23)
Start importing Assets/Art/Super Grotto Escape Files/Environment/Layers/back.png using Guid(ee230860129a62a4383e953bb133b1d7) Importer(2089858483,0ecaa5967403d082aa24f35e1b516d23) Generated GUIDs only implemented for interfaces!
 -> (artifact id: 'fabb2e96130dd220e0380125352eab5f') in 0.018276 seconds 
========================================================================
Received Import Request.
  Time since last request: 0.000016 seconds.
  path: Assets/Art/Super Grotto Escape Files/Characters/Enemies/Aseprite/slime.ase
  artifactKey: Guid(f3a9fb1ce9a51ef449799954bc954a79) Importer(2089858483,0ecaa5967403d082aa24f35e1b516d23)
Start importing Assets/Art/Super Grotto Escape Files/Characters/Enemies/Aseprite/slime.ase using Guid(f3a9fb1ce9a51ef449799954bc954a79) Importer(2089858483,0ecaa5967403d082aa24f35e1b516d23) Generated GUIDs only implemented for interfaces!
 -> (artifact id: '4b28580f9ffe345e55173ddb7681bc16') in 0.005837 seconds 
========================================================================
Received Import Request.
  Time since last request: 0.000016 seconds.
  path: Assets/Art/Super Grotto Escape Files/Characters/Enemies/Previews/fireball.gif
  artifactKey: Guid(3d0b6aabeb81992408a028b3206a6eda) Importer(2089858483,0ecaa5967403d082aa24f35e1b516d23)
Start importing Assets/Art/Super Grotto Escape Files/Characters/Enemies/Previews/fireball.gif using Guid(3d0b6aabeb81992408a028b3206a6eda) Importer(2089858483,0ecaa5967403d082aa24f35e1b516d23) Generated GUIDs only implemented for interfaces!
 -> (artifact id: '7e7c4941a8452c19415764903dfede8e') in 0.019853 seconds 
========================================================================
Received Import Request.
  Time since last request: 0.000022 seconds.
  path: Assets/Art/Super Grotto Escape Files/Characters/Enemies/spritesheet/skeleton-idle.png
  artifactKey: Guid(490b973da3ccb794aabc51d8cfa0b1fa) Importer(2089858483,0ecaa5967403d082aa24f35e1b516d23)
Start importing Assets/Art/Super Grotto Escape Files/Characters/Enemies/spritesheet/skeleton-idle.png using Guid(490b973da3ccb794aabc51d8cfa0b1fa) Importer(2089858483,0ecaa5967403d082aa24f35e1b516d23) Generated GUIDs only implemented for interfaces!
 -> (artifact id: 'fcc6f0e66cd0c6f0d8eb886b48ed14d8') in 0.021600 seconds 
========================================================================
Received Import Request.
  Time since last request: 0.000024 seconds.
  path: Assets/Art/Super Grotto Escape Files/Fx/Sprites/Pick Feedback 2/pick-feedback-3.png
  artifactKey: Guid(e9ee35ff1ff69a348beb8d3a6cad695c) Importer(2089858483,0ecaa5967403d082aa24f35e1b516d23)
Start importing Assets/Art/Super Grotto Escape Files/Fx/Sprites/Pick Feedback 2/pick-feedback-3.png using Guid(e9ee35ff1ff69a348beb8d3a6cad695c) Importer(2089858483,0ecaa5967403d082aa24f35e1b516d23) Generated GUIDs only implemented for interfaces!
 -> (artifact id: 'f8cea3bcfae5ee148fb016e1ff0f67a9') in 0.020301 seconds 
========================================================================
Received Import Request.
  Time since last request: 0.000023 seconds.
  path: Assets/Art/Super Grotto Escape Files/Props/Sprites/Fan/fan1.png
  artifactKey: Guid(489c9e76347ab954aa7f644522fa3a5c) Importer(2089858483,0ecaa5967403d082aa24f35e1b516d23)
Start importing Assets/Art/Super Grotto Escape Files/Props/Sprites/Fan/fan1.png using Guid(489c9e76347ab954aa7f644522fa3a5c) Importer(2089858483,0ecaa5967403d082aa24f35e1b516d23) Generated GUIDs only implemented for interfaces!
 -> (artifact id: '1e5f8eb101a7c0287fc328f931ad4528') in 0.019459 seconds 
========================================================================
Received Import Request.
  Time since last request: 0.000027 seconds.
  path: Assets/Art/Super Grotto Escape Files/Fx/Sprites/Pick Feedback 2/pick-feedback-2.png
  artifactKey: Guid(f07acc2b5952d4f4b8f1d15b56b04de6) Importer(2089858483,0ecaa5967403d082aa24f35e1b516d23)
Start importing Assets/Art/Super Grotto Escape Files/Fx/Sprites/Pick Feedback 2/pick-feedback-2.png using Guid(f07acc2b5952d4f4b8f1d15b56b04de6) Importer(2089858483,0ecaa5967403d082aa24f35e1b516d23) Generated GUIDs only implemented for interfaces!
 -> (artifact id: '17546463be35cd450be37b71d08de69a') in 0.017936 seconds 
========================================================================
Received Import Request.
  Time since last request: 0.000024 seconds.
  path: Assets/Art/Super Grotto Escape Files/Characters/Player/spritesheets/player-slide.png
  artifactKey: Guid(667ce53f7825e9d478eed513f5c0c24b) Importer(2089858483,0ecaa5967403d082aa24f35e1b516d23)
Start importing Assets/Art/Super Grotto Escape Files/Characters/Player/spritesheets/player-slide.png using Guid(667ce53f7825e9d478eed513f5c0c24b) Importer(2089858483,0ecaa5967403d082aa24f35e1b516d23) Generated GUIDs only implemented for interfaces!
 -> (artifact id: '3e7c280d74e70b60871588fc4dbda4ec') in 0.020301 seconds 
========================================================================
Received Import Request.
  Time since last request: 0.000018 seconds.
  path: Assets/Art/Super Grotto Escape Files/Characters/Enemies/sprites/fly-eye/fly-eye1.png
  artifactKey: Guid(1df6ac75dc706724c9f8d83b9da6eecf) Importer(2089858483,0ecaa5967403d082aa24f35e1b516d23)
Start importing Assets/Art/Super Grotto Escape Files/Characters/Enemies/sprites/fly-eye/fly-eye1.png using Guid(1df6ac75dc706724c9f8d83b9da6eecf) Importer(2089858483,0ecaa5967403d082aa24f35e1b516d23) Generated GUIDs only implemented for interfaces!
 -> (artifact id: '8311abe74931c466292ebb3a6404dc15') in 0.020986 seconds 
========================================================================
Received Import Request.
  Time since last request: 0.000020 seconds.
  path: Assets/Art/Super Grotto Escape Files/Fx/Sprites/Explosion/explosion1.png
  artifactKey: Guid(24edf36dcfc88044daf4da362e34c1c6) Importer(2089858483,0ecaa5967403d082aa24f35e1b516d23)
Start importing Assets/Art/Super Grotto Escape Files/Fx/Sprites/Explosion/explosion1.png using Guid(24edf36dcfc88044daf4da362e34c1c6) Importer(2089858483,0ecaa5967403d082aa24f35e1b516d23) Generated GUIDs only implemented for interfaces!
 -> (artifact id: '88afaeb1853c2e10d3b30057358bbbc8') in 0.017698 seconds 
========================================================================
Received Import Request.
  Time since last request: 0.000017 seconds.
  path: Assets/Art/Super Grotto Escape Files/Fx/Sprites/Big-Explosion/big-explosion2.png
  artifactKey: Guid(3d9a72c365752a7458f6b3c442d721d4) Importer(2089858483,0ecaa5967403d082aa24f35e1b516d23)
Start importing Assets/Art/Super Grotto Escape Files/Fx/Sprites/Big-Explosion/big-explosion2.png using Guid(3d9a72c365752a7458f6b3c442d721d4) Importer(2089858483,0ecaa5967403d082aa24f35e1b516d23) Generated GUIDs only implemented for interfaces!
 -> (artifact id: '8aefa7b17472f4841be141a237579f4c') in 0.020900 seconds 
========================================================================
Received Import Request.
  Time since last request: 0.000018 seconds.
  path: Assets/Art/Super Grotto Escape Files/Fx/Sprites/Big-Explosion/big-explosion8.png
  artifactKey: Guid(7751d582662d1724b8f1a95a063b9be3) Importer(2089858483,0ecaa5967403d082aa24f35e1b516d23)
Start importing Assets/Art/Super Grotto Escape Files/Fx/Sprites/Big-Explosion/big-explosion8.png using Guid(7751d582662d1724b8f1a95a063b9be3) Importer(2089858483,0ecaa5967403d082aa24f35e1b516d23) Generated GUIDs only implemented for interfaces!
 -> (artifact id: 'fcc555aafeb879f546d8b5fb01bdc9af') in 0.019090 seconds 
========================================================================
Received Import Request.
  Time since last request: 0.000021 seconds.
  path: Assets/Art/Super Grotto Escape Files/Environment/Layers/props/plant.png
  artifactKey: Guid(fc5ada3bdd1627a4aa14f0b155f4aed5) Importer(2089858483,0ecaa5967403d082aa24f35e1b516d23)
Start importing Assets/Art/Super Grotto Escape Files/Environment/Layers/props/plant.png using Guid(fc5ada3bdd1627a4aa14f0b155f4aed5) Importer(2089858483,0ecaa5967403d082aa24f35e1b516d23) Generated GUIDs only implemented for interfaces!
 -> (artifact id: '8856043f86bfefcd32446d31a651f153') in 0.024926 seconds 
========================================================================
Received Import Request.
  Time since last request: 0.000026 seconds.
  path: Assets/Art/Super Grotto Escape Files/Fx/Sprites/Player-Shoot/player-shoot4.png
  artifactKey: Guid(327e9af48617abd48aa12cd3e7cfc0e2) Importer(2089858483,0ecaa5967403d082aa24f35e1b516d23)
Start importing Assets/Art/Super Grotto Escape Files/Fx/Sprites/Player-Shoot/player-shoot4.png using Guid(327e9af48617abd48aa12cd3e7cfc0e2) Importer(2089858483,0ecaa5967403d082aa24f35e1b516d23) Generated GUIDs only implemented for interfaces!
 -> (artifact id: 'bc400ba4558ab34e61804fc225325b9c') in 0.022796 seconds 
========================================================================
Received Import Request.
  Time since last request: 0.000021 seconds.
  path: Assets/Art/Super Grotto Escape Files/Fx/Sprites/Explosion/explosion4.png
  artifactKey: Guid(9963d54736579b04eb052156e7ca383b) Importer(2089858483,0ecaa5967403d082aa24f35e1b516d23)
Start importing Assets/Art/Super Grotto Escape Files/Fx/Sprites/Explosion/explosion4.png using Guid(9963d54736579b04eb052156e7ca383b) Importer(2089858483,0ecaa5967403d082aa24f35e1b516d23) Generated GUIDs only implemented for interfaces!
 -> (artifact id: 'f44af166d6fb31efd463af61f7765ead') in 0.020769 seconds 
========================================================================
Received Import Request.
  Time since last request: 0.000033 seconds.
  path: Assets/Art/Super Grotto Escape Files/Characters/Enemies/sprites/Ghost/ghost1.png
  artifactKey: Guid(be6ddba2d17d6934494b01b05a4069bc) Importer(2089858483,0ecaa5967403d082aa24f35e1b516d23)
Start importing Assets/Art/Super Grotto Escape Files/Characters/Enemies/sprites/Ghost/ghost1.png using Guid(be6ddba2d17d6934494b01b05a4069bc) Importer(2089858483,0ecaa5967403d082aa24f35e1b516d23) Generated GUIDs only implemented for interfaces!
 -> (artifact id: '975681975e1a903dc97589dbd10d96cc') in 0.020531 seconds 
========================================================================
Received Import Request.
  Time since last request: 0.000022 seconds.
  path: Assets/Art/Super Grotto Escape Files/Fx/Sprites/Big-Explosion/big-explosion6.png
  artifactKey: Guid(ac39d2c65645fe648833115a056f540d) Importer(2089858483,0ecaa5967403d082aa24f35e1b516d23)
Start importing Assets/Art/Super Grotto Escape Files/Fx/Sprites/Big-Explosion/big-explosion6.png using Guid(ac39d2c65645fe648833115a056f540d) Importer(2089858483,0ecaa5967403d082aa24f35e1b516d23) Generated GUIDs only implemented for interfaces!
 -> (artifact id: 'bb714755db579f1e093b568d03ca5fcb') in 0.019721 seconds 
========================================================================
Received Import Request.
  Time since last request: 0.000019 seconds.
  path: Assets/Art/Super Grotto Escape Files/Characters/Enemies/sprites/Bat/bat1.png
  artifactKey: Guid(02b909a49017c5f4e858c9fa11b44ed1) Importer(2089858483,0ecaa5967403d082aa24f35e1b516d23)
Start importing Assets/Art/Super Grotto Escape Files/Characters/Enemies/sprites/Bat/bat1.png using Guid(02b909a49017c5f4e858c9fa11b44ed1) Importer(2089858483,0ecaa5967403d082aa24f35e1b516d23) Generated GUIDs only implemented for interfaces!
 -> (artifact id: '1ddfff1c66553546df102c9a2e6b6c16') in 0.018160 seconds 
========================================================================
Received Import Request.
  Time since last request: 0.000018 seconds.
  path: Assets/Art/Super Grotto Escape Files/Fx/Sprites/Player-shoot-hit/player-shoot-hit4.png
  artifactKey: Guid(d8172b74e59c951439f558ec1510a5e5) Importer(2089858483,0ecaa5967403d082aa24f35e1b516d23)
Start importing Assets/Art/Super Grotto Escape Files/Fx/Sprites/Player-shoot-hit/player-shoot-hit4.png using Guid(d8172b74e59c951439f558ec1510a5e5) Importer(2089858483,0ecaa5967403d082aa24f35e1b516d23) Generated GUIDs only implemented for interfaces!
 -> (artifact id: '43d816a55ee978f774fa26b902ac7350') in 0.024680 seconds 
========================================================================
Received Import Request.
  Time since last request: 0.000033 seconds.
  path: Assets/Art/Super Grotto Escape Files/Characters/Enemies/sprites/Bat/bat5.png
  artifactKey: Guid(affe5112bb9dfbf4592c49102b307f56) Importer(2089858483,0ecaa5967403d082aa24f35e1b516d23)
Start importing Assets/Art/Super Grotto Escape Files/Characters/Enemies/sprites/Bat/bat5.png using Guid(affe5112bb9dfbf4592c49102b307f56) Importer(2089858483,0ecaa5967403d082aa24f35e1b516d23) Generated GUIDs only implemented for interfaces!
 -> (artifact id: '08a9dd18ce0bac419097090a28a6115a') in 0.022369 seconds 
========================================================================
Received Import Request.
  Time since last request: 0.000023 seconds.
  path: Assets/Art/Super Grotto Escape Files/Fx/Sprites/Explosion/explosion3.png
  artifactKey: Guid(a16a2d996aea47045baf027a10d07ecc) Importer(2089858483,0ecaa5967403d082aa24f35e1b516d23)
Start importing Assets/Art/Super Grotto Escape Files/Fx/Sprites/Explosion/explosion3.png using Guid(a16a2d996aea47045baf027a10d07ecc) Importer(2089858483,0ecaa5967403d082aa24f35e1b516d23) Generated GUIDs only implemented for interfaces!
 -> (artifact id: '8a349ac0886f511036a3930b20c42c5d') in 0.020756 seconds 
========================================================================
Received Import Request.
  Time since last request: 0.000017 seconds.
  path: Assets/Art/Super Grotto Escape Files/Props/Sprites/gate.png
  artifactKey: Guid(2cd8f9a36f38ccf44a42f71eff3eec8b) Importer(2089858483,0ecaa5967403d082aa24f35e1b516d23)
Start importing Assets/Art/Super Grotto Escape Files/Props/Sprites/gate.png using Guid(2cd8f9a36f38ccf44a42f71eff3eec8b) Importer(2089858483,0ecaa5967403d082aa24f35e1b516d23) Generated GUIDs only implemented for interfaces!
 -> (artifact id: 'f9210b27d4073754b45b70ccec1b2ba2') in 0.017687 seconds 
========================================================================
Received Import Request.
  Time since last request: 0.000018 seconds.
  path: Assets/Art/Super Grotto Escape Files/Props/Spritesheets/fan.png
  artifactKey: Guid(001e0e0e8258b044ba72c0428ba2364e) Importer(2089858483,0ecaa5967403d082aa24f35e1b516d23)
Start importing Assets/Art/Super Grotto Escape Files/Props/Spritesheets/fan.png using Guid(001e0e0e8258b044ba72c0428ba2364e) Importer(2089858483,0ecaa5967403d082aa24f35e1b516d23) Generated GUIDs only implemented for interfaces!
 -> (artifact id: 'bfbbeec8b93353b807a3a4fbb0b4beda') in 0.023183 seconds 
========================================================================
Received Import Request.
  Time since last request: 0.000026 seconds.
  path: Assets/Art/Super Grotto Escape Files/Characters/Enemies/Previews/lizard-move.gif
  artifactKey: Guid(fa0c92fcf2b6bf149bfdc405a6e67965) Importer(2089858483,0ecaa5967403d082aa24f35e1b516d23)
Start importing Assets/Art/Super Grotto Escape Files/Characters/Enemies/Previews/lizard-move.gif using Guid(fa0c92fcf2b6bf149bfdc405a6e67965) Importer(2089858483,0ecaa5967403d082aa24f35e1b516d23) Generated GUIDs only implemented for interfaces!
 -> (artifact id: 'df7620d86f41f3d6a03c3167e98bc995') in 0.018825 seconds 
========================================================================
Received Import Request.
  Time since last request: 0.000023 seconds.
  path: Assets/Art/Super Grotto Escape Files/Characters/Player/sprites/Player-run-shoot/player-run-shoott6.png
  artifactKey: Guid(d8b84c7253f3baf45967b650f7ad4289) Importer(2089858483,0ecaa5967403d082aa24f35e1b516d23)
Start importing Assets/Art/Super Grotto Escape Files/Characters/Player/sprites/Player-run-shoot/player-run-shoott6.png using Guid(d8b84c7253f3baf45967b650f7ad4289) Importer(2089858483,0ecaa5967403d082aa24f35e1b516d23) Generated GUIDs only implemented for interfaces!
 -> (artifact id: 'b88d14f5d65786b3a64235727f33ccd8') in 0.019091 seconds 
========================================================================
Received Import Request.
  Time since last request: 0.000016 seconds.
  path: Assets/Art/Super Grotto Escape Files/Characters/Player/sprites/Player-spin/player-spin3.png
  artifactKey: Guid(e965bf555adc24b4bbda3b30375b76f4) Importer(2089858483,0ecaa5967403d082aa24f35e1b516d23)
Start importing Assets/Art/Super Grotto Escape Files/Characters/Player/sprites/Player-spin/player-spin3.png using Guid(e965bf555adc24b4bbda3b30375b76f4) Importer(2089858483,0ecaa5967403d082aa24f35e1b516d23) Generated GUIDs only implemented for interfaces!
 -> (artifact id: '05ceb7b59cf9d77490fef1f36a8e442d') in 0.021710 seconds 
========================================================================
Received Import Request.
  Time since last request: 0.000023 seconds.
  path: Assets/Art/Super Grotto Escape Files/Characters/Player/sprites/Player-Ladder/player-ladder3.png
  artifactKey: Guid(3e0ad34495263d341a956559220e7d19) Importer(2089858483,0ecaa5967403d082aa24f35e1b516d23)
Start importing Assets/Art/Super Grotto Escape Files/Characters/Player/sprites/Player-Ladder/player-ladder3.png using Guid(3e0ad34495263d341a956559220e7d19) Importer(2089858483,0ecaa5967403d082aa24f35e1b516d23) Generated GUIDs only implemented for interfaces!
 -> (artifact id: '474c24ec9c1af62f25dc602d8e4aabc6') in 0.020366 seconds 
========================================================================
Received Import Request.
  Time since last request: 0.000017 seconds.
  path: Assets/Art/Super Grotto Escape Files/Characters/Player/sprites/Player-duck/player-duck3.png
  artifactKey: Guid(8e6b967886473c046b44041b22262ea2) Importer(2089858483,0ecaa5967403d082aa24f35e1b516d23)
Start importing Assets/Art/Super Grotto Escape Files/Characters/Player/sprites/Player-duck/player-duck3.png using Guid(8e6b967886473c046b44041b22262ea2) Importer(2089858483,0ecaa5967403d082aa24f35e1b516d23) Generated GUIDs only implemented for interfaces!
 -> (artifact id: '705638b776626dd030d9756135bf21ef') in 0.019464 seconds 
========================================================================
Received Import Request.
  Time since last request: 0.000017 seconds.
  path: Assets/Art/Super Grotto Escape Files/Characters/Enemies/sprites/Ghost-fury/ghost-fury-1.png
  artifactKey: Guid(f55cfa2711fc257438b7653abe6917f8) Importer(2089858483,0ecaa5967403d082aa24f35e1b516d23)
Start importing Assets/Art/Super Grotto Escape Files/Characters/Enemies/sprites/Ghost-fury/ghost-fury-1.png using Guid(f55cfa2711fc257438b7653abe6917f8) Importer(2089858483,0ecaa5967403d082aa24f35e1b516d23) Generated GUIDs only implemented for interfaces!
 -> (artifact id: 'c2b537ad8e4337e5b2ebd00f80a1746b') in 0.021191 seconds 
========================================================================
Received Import Request.
  Time since last request: 0.000019 seconds.
  path: Assets/Art/Super Grotto Escape Files/Characters/Player/sprites/Player-jump/player-jump2.png
  artifactKey: Guid(67647cb911c4c164fb317c554ab7478f) Importer(2089858483,0ecaa5967403d082aa24f35e1b516d23)
Start importing Assets/Art/Super Grotto Escape Files/Characters/Player/sprites/Player-jump/player-jump2.png using Guid(67647cb911c4c164fb317c554ab7478f) Importer(2089858483,0ecaa5967403d082aa24f35e1b516d23) Generated GUIDs only implemented for interfaces!
 -> (artifact id: 'aff7e33cb05d138b203cc80571a24935') in 0.018748 seconds 
========================================================================
Received Import Request.
  Time since last request: 0.000021 seconds.
  path: Assets/Art/Super Grotto Escape Files/Characters/Player/sprites/Player-Hurt/player-hurt1.png
  artifactKey: Guid(3b2d11df5a4558b4288a5e00177bc6f6) Importer(2089858483,0ecaa5967403d082aa24f35e1b516d23)
Start importing Assets/Art/Super Grotto Escape Files/Characters/Player/sprites/Player-Hurt/player-hurt1.png using Guid(3b2d11df5a4558b4288a5e00177bc6f6) Importer(2089858483,0ecaa5967403d082aa24f35e1b516d23) Generated GUIDs only implemented for interfaces!
 -> (artifact id: '7e9424ff4f001bede69b05ae2d3ded22') in 0.020618 seconds 
========================================================================
Received Import Request.
  Time since last request: 0.000020 seconds.
  path: Assets/Art/Super Grotto Escape Files/Characters/Player/sprites/Player-duck/player-duck2.png
  artifactKey: Guid(c5c7f48006c78cb47b30a65f38a1d19b) Importer(2089858483,0ecaa5967403d082aa24f35e1b516d23)
Start importing Assets/Art/Super Grotto Escape Files/Characters/Player/sprites/Player-duck/player-duck2.png using Guid(c5c7f48006c78cb47b30a65f38a1d19b) Importer(2089858483,0ecaa5967403d082aa24f35e1b516d23) Generated GUIDs only implemented for interfaces!
 -> (artifact id: '1164e8b052b810939621ecc31bcc169c') in 0.018969 seconds 
========================================================================
Received Import Request.
  Time since last request: 0.000022 seconds.
  path: Assets/Art/Super Grotto Escape Files/Characters/Player/sprites/Player-Ladder/player-ladder1.png
  artifactKey: Guid(74200416650e38a42b1a29ed45f8717b) Importer(2089858483,0ecaa5967403d082aa24f35e1b516d23)
Start importing Assets/Art/Super Grotto Escape Files/Characters/Player/sprites/Player-Ladder/player-ladder1.png using Guid(74200416650e38a42b1a29ed45f8717b) Importer(2089858483,0ecaa5967403d082aa24f35e1b516d23) Generated GUIDs only implemented for interfaces!
 -> (artifact id: 'c482449cfd075fa1e581f2dcb1ab11d9') in 0.021578 seconds 
========================================================================
Received Import Request.
  Time since last request: 0.000029 seconds.
  path: Assets/Art/Super Grotto Escape Files/Characters/Enemies/sprites/Skeleton-IDle/skeleton-idle4.png
  artifactKey: Guid(5e2553f6e14366747958734fe015caf8) Importer(2089858483,0ecaa5967403d082aa24f35e1b516d23)
Start importing Assets/Art/Super Grotto Escape Files/Characters/Enemies/sprites/Skeleton-IDle/skeleton-idle4.png using Guid(5e2553f6e14366747958734fe015caf8) Importer(2089858483,0ecaa5967403d082aa24f35e1b516d23) Generated GUIDs only implemented for interfaces!
 -> (artifact id: 'fea8c9a1511dd0e5936226ae2a0c2a32') in 0.025177 seconds 
========================================================================
Received Import Request.
  Time since last request: 0.000017 seconds.
  path: Assets/Art/Super Grotto Escape Files/Characters/Player/sprites/Player-run-shoot/player-run-shoott4.png
  artifactKey: Guid(3485aeff757870c43a2e35297f43a3d9) Importer(2089858483,0ecaa5967403d082aa24f35e1b516d23)
Start importing Assets/Art/Super Grotto Escape Files/Characters/Player/sprites/Player-run-shoot/player-run-shoott4.png using Guid(3485aeff757870c43a2e35297f43a3d9) Importer(2089858483,0ecaa5967403d082aa24f35e1b516d23) Generated GUIDs only implemented for interfaces!
 -> (artifact id: 'e6d8117711ae6335b17d2c0eef60b2e6') in 0.017650 seconds 
========================================================================
Received Import Request.
  Time since last request: 0.000022 seconds.
  path: Assets/Art/Super Grotto Escape Files/Characters/Player/sprites/Player-idle/player-idle1.png
  artifactKey: Guid(2ef5de938f4ef5d49a82d9265e2e61b6) Importer(2089858483,0ecaa5967403d082aa24f35e1b516d23)
Start importing Assets/Art/Super Grotto Escape Files/Characters/Player/sprites/Player-idle/player-idle1.png using Guid(2ef5de938f4ef5d49a82d9265e2e61b6) Importer(2089858483,0ecaa5967403d082aa24f35e1b516d23) Generated GUIDs only implemented for interfaces!
 -> (artifact id: '40fa1dc52360d4df556f76a872c8c1fb') in 0.020443 seconds 
========================================================================
Received Import Request.
  Time since last request: 0.000017 seconds.
  path: Assets/Art/Super Grotto Escape Files/Characters/Enemies/sprites/lizard shoots/lizard-shoot3.png
  artifactKey: Guid(3dde351f0417b07448da9d0685e04e3d) Importer(2089858483,0ecaa5967403d082aa24f35e1b516d23)
Start importing Assets/Art/Super Grotto Escape Files/Characters/Enemies/sprites/lizard shoots/lizard-shoot3.png using Guid(3dde351f0417b07448da9d0685e04e3d) Importer(2089858483,0ecaa5967403d082aa24f35e1b516d23) Generated GUIDs only implemented for interfaces!
 -> (artifact id: '7b30d8e02b7bc7c066e38ed8524e589f') in 0.017956 seconds 
========================================================================
Received Import Request.
  Time since last request: 0.000017 seconds.
  path: Assets/Art/Super Grotto Escape Files/Characters/Player/sprites/player-run/player-run4.png
  artifactKey: Guid(dbbe427a3ded55e4cbe2b5dd95f99642) Importer(2089858483,0ecaa5967403d082aa24f35e1b516d23)
Start importing Assets/Art/Super Grotto Escape Files/Characters/Player/sprites/player-run/player-run4.png using Guid(dbbe427a3ded55e4cbe2b5dd95f99642) Importer(2089858483,0ecaa5967403d082aa24f35e1b516d23) Generated GUIDs only implemented for interfaces!
 -> (artifact id: '450b87ce03ca133f3ddac4f000ff6d26') in 0.020698 seconds 
========================================================================
Received Import Request.
  Time since last request: 0.000023 seconds.
  path: Assets/Art/Super Grotto Escape Files/Characters/Player/Previews/player-run.gif
  artifactKey: Guid(f02eed00181e29e4787ecaa95305edfb) Importer(2089858483,0ecaa5967403d082aa24f35e1b516d23)
Start importing Assets/Art/Super Grotto Escape Files/Characters/Player/Previews/player-run.gif using Guid(f02eed00181e29e4787ecaa95305edfb) Importer(2089858483,0ecaa5967403d082aa24f35e1b516d23) Generated GUIDs only implemented for interfaces!
 -> (artifact id: '3757a0d5b6aaf88c830e05d8a4b51e24') in 0.019134 seconds 
========================================================================
Received Import Request.
  Time since last request: 0.000025 seconds.
  path: Assets/Art/Super Grotto Escape Files/Fx/Spritesheets/pick-feedback.png
  artifactKey: Guid(f641f6fc4f3a0924b9c6c2dbb2292039) Importer(2089858483,0ecaa5967403d082aa24f35e1b516d23)
Start importing Assets/Art/Super Grotto Escape Files/Fx/Spritesheets/pick-feedback.png using Guid(f641f6fc4f3a0924b9c6c2dbb2292039) Importer(2089858483,0ecaa5967403d082aa24f35e1b516d23) Generated GUIDs only implemented for interfaces!
 -> (artifact id: '8bac93057465575bfacd968ed6a443a7') in 0.025087 seconds 
========================================================================
Received Import Request.
  Time since last request: 0.000014 seconds.
  path: Assets/Art/Super Grotto Escape Files/Characters/Enemies/sprites/Slime/slime3.png
  artifactKey: Guid(3105ff8a643c553438c40c7e4a1be7c3) Importer(2089858483,0ecaa5967403d082aa24f35e1b516d23)
Start importing Assets/Art/Super Grotto Escape Files/Characters/Enemies/sprites/Slime/slime3.png using Guid(3105ff8a643c553438c40c7e4a1be7c3) Importer(2089858483,0ecaa5967403d082aa24f35e1b516d23) Generated GUIDs only implemented for interfaces!
 -> (artifact id: '3e09c9d5fdf81105efbac070ef9b4b3d') in 0.018459 seconds 
========================================================================
Received Import Request.
  Time since last request: 0.000024 seconds.
  path: Assets/Art/Super Grotto Escape Files/Characters/Enemies/sprites/Skeleton-Walk/skeleton-walk5.png
  artifactKey: Guid(c4089f244347f5f47b858ee9cb8d4492) Importer(2089858483,0ecaa5967403d082aa24f35e1b516d23)
Start importing Assets/Art/Super Grotto Escape Files/Characters/Enemies/sprites/Skeleton-Walk/skeleton-walk5.png using Guid(c4089f244347f5f47b858ee9cb8d4492) Importer(2089858483,0ecaa5967403d082aa24f35e1b516d23) Generated GUIDs only implemented for interfaces!
 -> (artifact id: '126051de23908866bde8cb8e0893793b') in 0.022526 seconds 
========================================================================
Received Import Request.
  Time since last request: 0.000035 seconds.
  path: Assets/Art/Super Grotto Escape Files/Environment/Force-Field/force-field2.png
  artifactKey: Guid(1c26b4c30ad9fcf4fa0098ed84a78817) Importer(2089858483,0ecaa5967403d082aa24f35e1b516d23)
Start importing Assets/Art/Super Grotto Escape Files/Environment/Force-Field/force-field2.png using Guid(1c26b4c30ad9fcf4fa0098ed84a78817) Importer(2089858483,0ecaa5967403d082aa24f35e1b516d23) Generated GUIDs only implemented for interfaces!
 -> (artifact id: '6061f9008d5a4e05f9bc2ef59fc92302') in 0.019688 seconds 
========================================================================
Received Import Request.
  Time since last request: 0.000036 seconds.
  path: Assets/Art/Super Grotto Escape Files/Characters/Enemies/spritesheet/fireball.png
  artifactKey: Guid(1167d65a7a2f556429aafd4891b59614) Importer(2089858483,0ecaa5967403d082aa24f35e1b516d23)
Start importing Assets/Art/Super Grotto Escape Files/Characters/Enemies/spritesheet/fireball.png using Guid(1167d65a7a2f556429aafd4891b59614) Importer(2089858483,0ecaa5967403d082aa24f35e1b516d23) Generated GUIDs only implemented for interfaces!
 -> (artifact id: 'ce89e5d720fb0de24f8ac4a208f782f3') in 0.019124 seconds 
========================================================================
Received Import Request.
  Time since last request: 0.000019 seconds.
  path: Assets/Art/Super Grotto Escape Files/Characters/Player/sprites/Player-shoot/player-shoot3.png
  artifactKey: Guid(a35e7fe441a9df74ebde9e911f50e6c8) Importer(2089858483,0ecaa5967403d082aa24f35e1b516d23)
Start importing Assets/Art/Super Grotto Escape Files/Characters/Player/sprites/Player-shoot/player-shoot3.png using Guid(a35e7fe441a9df74ebde9e911f50e6c8) Importer(2089858483,0ecaa5967403d082aa24f35e1b516d23) Generated GUIDs only implemented for interfaces!
 -> (artifact id: '9a1f5784ea15e06e2ff4e9034c207a6a') in 0.019160 seconds 
========================================================================
Received Import Request.
  Time since last request: 0.000018 seconds.
  path: Assets/Art/Super Grotto Escape Files/Characters/Enemies/spritesheet/lizard-shoot.png
  artifactKey: Guid(917e6a759d74ab641ae8bcc475bf5423) Importer(2089858483,0ecaa5967403d082aa24f35e1b516d23)
Start importing Assets/Art/Super Grotto Escape Files/Characters/Enemies/spritesheet/lizard-shoot.png using Guid(917e6a759d74ab641ae8bcc475bf5423) Importer(2089858483,0ecaa5967403d082aa24f35e1b516d23) Generated GUIDs only implemented for interfaces!
 -> (artifact id: '8ae6bd529a1ec40a52215438aa337cbe') in 0.020325 seconds 
========================================================================
Received Import Request.
  Time since last request: 0.000021 seconds.
  path: Assets/Animations/Player_Run_Shoot.anim
  artifactKey: Guid(8b93b6bf5a6bf5646ad5897e6be56ed7) Importer(2089858483,0ecaa5967403d082aa24f35e1b516d23)
Start importing Assets/Animations/Player_Run_Shoot.anim using Guid(8b93b6bf5a6bf5646ad5897e6be56ed7) Importer(2089858483,0ecaa5967403d082aa24f35e1b516d23) Generated GUIDs only implemented for interfaces!
 -> (artifact id: '972d49d7b03858a21828312342bdd195') in 0.009515 seconds 
Editor requested this worker to shutdown with reason: Scaling down because of idle timeout
AssetImportWorker is now disconnected from the server
Process exiting
Exiting without the bug reporter. Application will terminate with return code 0